<?xml version="1.0" encoding="UTF-8"?>
<testsuite xmlns:xsi="http://www.w3.org/2001/XMLSchema-instance" xsi:noNamespaceSchemaLocation="https://maven.apache.org/surefire/maven-surefire-plugin/xsd/surefire-test-report.xsd" version="3.0.2" name="com.bootcoin.p2p.bootcoin.service.P2pBootcoinServiceApplicationTests" time="20.945" tests="1" errors="0" skipped="1" failures="0">
  <properties>
[...]
</properties>
  <testcase name="contextLoads" classname="com.bootcoin.p2p.bootcoin.service.P2pBootcoinServiceApplicationTests" time="0.0">
    <skipped message="void com.bootcoin.p2p.bootcoin.service.P2pBootcoinServiceApplicationTests.contextLoads() is @Disabled"/>
    <system-out><![CDATA[2025-04-28 10:45:17.258 [main] INFO  o.s.t.c.s.AnnotationConfigContextLoaderUtils -Could not detect default configuration classes for test class [com.bootcoin.p2p.bootcoin.service.P2pBootcoinServiceApplicationTests]: P2pBootcoinServiceApplicationTests does not declare any static, non-private, non-final, nested classes annotated with @Configuration. 
2025-04-28 10:45:17.788 [main] INFO  o.s.b.t.c.SpringBootTestContextBootstrapper -Found @SpringBootConfiguration com.bootcoin.p2p.bootcoin.service.P2pBootcoinServiceApplication for test class com.bootcoin.p2p.bootcoin.service.P2pBootcoinServiceApplicationTests 

  .   ____          _            __ _ _
 /\\ / ___'_ __ _ _(_)_ __  __ _ \ \ \ \
( ( )\___ | '_ | '_| | '_ \/ _` | \ \ \ \
 \\/  ___)| |_)| | | | | || (_| |  ) ) ) )
  '  |____| .__|_| |_|_| |_\__, | / / / /
 =========|_|==============|___/=/_/_/_/

 :: Spring Boot ::                (v3.4.5)

2025-04-28 10:45:23.997 [main] INFO  c.b.p.b.s.P2pBootcoinServiceApplicationTests -Starting P2pBootcoinServiceApplicationTests using Java 17.0.12 with PID 9232 (started by mgarcsar in C:\Users\mgarcsar\Documents\Bootcamp\etregables\BootCoin\p2p-bootcoin-service) 
2025-04-28 10:45:23.999 [main] INFO  c.b.p.b.s.P2pBootcoinServiceApplicationTests -The following 1 profile is active: "dev" 
2025-04-28 10:45:24.071 [main] INFO  o.s.c.c.c.ConfigServerConfigDataLoader -Fetching config from server at : http://config-server-bc:8888 
2025-04-28 10:45:24.071 [main] INFO  o.s.c.c.c.ConfigServerConfigDataLoader -Exception on Url - http://config-server-bc:8888:org.springframework.web.client.ResourceAccessException: I/O error on GET request for "http://config-server-bc:8888/p2p-bootcoin-service/default": config-server-bc. Will be trying the next url if available 
2025-04-28 10:45:24.071 [main] WARN  o.s.c.c.c.ConfigServerConfigDataLoader -Could not locate PropertySource ([ConfigServerConfigDataResource@aa794a3 uris = array<String>['http://config-server-bc:8888'], optional = true, profiles = 'default']): I/O error on GET request for "http://config-server-bc:8888/p2p-bootcoin-service/default": config-server-bc 
2025-04-28 10:45:24.071 [main] INFO  o.s.c.c.c.ConfigServerConfigDataLoader -Fetching config from server at : http://config-server-bc:8888 
2025-04-28 10:45:24.072 [main] INFO  o.s.c.c.c.ConfigServerConfigDataLoader -Exception on Url - http://config-server-bc:8888:org.springframework.web.client.ResourceAccessException: I/O error on GET request for "http://config-server-bc:8888/p2p-bootcoin-service/dev": config-server-bc. Will be trying the next url if available 
2025-04-28 10:45:24.072 [main] WARN  o.s.c.c.c.ConfigServerConfigDataLoader -Could not locate PropertySource ([ConfigServerConfigDataResource@723b8eff uris = array<String>['http://config-server-bc:8888'], optional = true, profiles = 'dev']): I/O error on GET request for "http://config-server-bc:8888/p2p-bootcoin-service/dev": config-server-bc 
2025-04-28 10:45:24.072 [main] INFO  o.s.c.c.c.ConfigServerConfigDataLoader -Fetching config from server at : http://config-server-bc:8888 
2025-04-28 10:45:24.072 [main] INFO  o.s.c.c.c.ConfigServerConfigDataLoader -Exception on Url - http://config-server-bc:8888:org.springframework.web.client.ResourceAccessException: I/O error on GET request for "http://config-server-bc:8888/p2p-bootcoin-service/default": config-server-bc. Will be trying the next url if available 
2025-04-28 10:45:24.072 [main] WARN  o.s.c.c.c.ConfigServerConfigDataLoader -Could not locate PropertySource ([ConfigServerConfigDataResource@3987a1e8 uris = array<String>['http://config-server-bc:8888'], optional = true, profiles = 'default']): I/O error on GET request for "http://config-server-bc:8888/p2p-bootcoin-service/default": config-server-bc 
2025-04-28 10:45:28.346 [main] INFO  o.s.cloud.context.scope.GenericScope -BeanFactory id=98a68105-13bc-3f49-9102-5fb027b99df2 
2025-04-28 10:45:31.926 [main] INFO  o.s.b.a.e.web.EndpointLinksResolver -Exposing 2 endpoints beneath base path '/actuator' 
2025-04-28 10:45:33.897 [main] INFO  o.s.c.n.e.c.DiscoveryClientOptionalArgsConfiguration -Eureka HTTP Client uses RestTemplate. 
2025-04-28 10:45:34.071 [main] WARN  o.s.c.l.c.LoadBalancerCacheAutoConfiguration$LoadBalancerCaffeineWarnLogger -Spring Cloud LoadBalancer is currently working with the default cache. While this cache implementation is useful for development and tests, it's recommended to use Caffeine cache in production.You can switch to using Caffeine cache, by adding it and org.springframework.cache.caffeine.CaffeineCacheManager to the classpath. 
2025-04-28 10:45:34.422 [main] INFO  o.a.k.c.consumer.ConsumerConfig -ConsumerConfig values: 
	allow.auto.create.topics = true
	auto.commit.interval.ms = 5000
	auto.include.jmx.reporter = true
	auto.offset.reset = latest
	bootstrap.servers = [localhost:29092]
	check.crcs = true
	client.dns.lookup = use_all_dns_ips
	client.id = consumer-exchange-group-1
	client.rack = 
	connections.max.idle.ms = 540000
	default.api.timeout.ms = 60000
	enable.auto.commit = false
	enable.metrics.push = true
	exclude.internal.topics = true
	fetch.max.bytes = 52428800
	fetch.max.wait.ms = 500
	fetch.min.bytes = 1
	group.id = exchange-group
	group.instance.id = null
	group.protocol = classic
	group.remote.assignor = null
	heartbeat.interval.ms = 3000
	interceptor.classes = []
	internal.leave.group.on.close = true
	internal.throw.on.fetch.stable.offset.unsupported = false
	isolation.level = read_uncommitted
	key.deserializer = class org.apache.kafka.common.serialization.StringDeserializer
	max.partition.fetch.bytes = 1048576
	max.poll.interval.ms = 300000
	max.poll.records = 500
	metadata.max.age.ms = 300000
	metadata.recovery.strategy = none
	metric.reporters = []
	metrics.num.samples = 2
	metrics.recording.level = INFO
	metrics.sample.window.ms = 30000
	partition.assignment.strategy = [class org.apache.kafka.clients.consumer.RangeAssignor, class org.apache.kafka.clients.consumer.CooperativeStickyAssignor]
	receive.buffer.bytes = 65536
	reconnect.backoff.max.ms = 1000
	reconnect.backoff.ms = 50
	request.timeout.ms = 30000
	retry.backoff.max.ms = 1000
	retry.backoff.ms = 100
	sasl.client.callback.handler.class = null
	sasl.jaas.config = null
	sasl.kerberos.kinit.cmd = /usr/bin/kinit
	sasl.kerberos.min.time.before.relogin = 60000
	sasl.kerberos.service.name = null
	sasl.kerberos.ticket.renew.jitter = 0.05
	sasl.kerberos.ticket.renew.window.factor = 0.8
	sasl.login.callback.handler.class = null
	sasl.login.class = null
	sasl.login.connect.timeout.ms = null
	sasl.login.read.timeout.ms = null
	sasl.login.refresh.buffer.seconds = 300
	sasl.login.refresh.min.period.seconds = 60
	sasl.login.refresh.window.factor = 0.8
	sasl.login.refresh.window.jitter = 0.05
	sasl.login.retry.backoff.max.ms = 10000
	sasl.login.retry.backoff.ms = 100
	sasl.mechanism = GSSAPI
	sasl.oauthbearer.clock.skew.seconds = 30
	sasl.oauthbearer.expected.audience = null
	sasl.oauthbearer.expected.issuer = null
	sasl.oauthbearer.jwks.endpoint.refresh.ms = 3600000
	sasl.oauthbearer.jwks.endpoint.retry.backoff.max.ms = 10000
	sasl.oauthbearer.jwks.endpoint.retry.backoff.ms = 100
	sasl.oauthbearer.jwks.endpoint.url = null
	sasl.oauthbearer.scope.claim.name = scope
	sasl.oauthbearer.sub.claim.name = sub
	sasl.oauthbearer.token.endpoint.url = null
	security.protocol = PLAINTEXT
	security.providers = null
	send.buffer.bytes = 131072
	session.timeout.ms = 45000
	socket.connection.setup.timeout.max.ms = 30000
	socket.connection.setup.timeout.ms = 10000
	ssl.cipher.suites = null
	ssl.enabled.protocols = [TLSv1.2, TLSv1.3]
	ssl.endpoint.identification.algorithm = https
	ssl.engine.factory.class = null
	ssl.key.password = null
	ssl.keymanager.algorithm = SunX509
	ssl.keystore.certificate.chain = null
	ssl.keystore.key = null
	ssl.keystore.location = null
	ssl.keystore.password = null
	ssl.keystore.type = JKS
	ssl.protocol = TLSv1.3
	ssl.provider = null
	ssl.secure.random.implementation = null
	ssl.trustmanager.algorithm = PKIX
	ssl.truststore.certificates = null
	ssl.truststore.location = null
	ssl.truststore.password = null
	ssl.truststore.type = JKS
	value.deserializer = class org.apache.kafka.common.serialization.StringDeserializer
 
2025-04-28 10:45:34.661 [main] INFO  o.a.k.c.t.i.KafkaMetricsCollector -initializing Kafka metrics collector 
2025-04-28 10:45:35.165 [main] INFO  o.a.kafka.common.utils.AppInfoParser -Kafka version: 3.8.1 
2025-04-28 10:45:35.168 [main] INFO  o.a.kafka.common.utils.AppInfoParser -Kafka commitId: 70d6ff42debf7e17 
2025-04-28 10:45:35.168 [main] INFO  o.a.kafka.common.utils.AppInfoParser -Kafka startTimeMs: 1745855135162 
2025-04-28 10:45:35.175 [main] INFO  o.a.k.c.c.i.LegacyKafkaConsumer -[Consumer clientId=consumer-exchange-group-1, groupId=exchange-group] Subscribed to topic(s): exchange-response 
2025-04-28 10:45:35.197 [main] INFO  o.a.k.c.consumer.ConsumerConfig -ConsumerConfig values: 
	allow.auto.create.topics = true
	auto.commit.interval.ms = 5000
	auto.include.jmx.reporter = true
	auto.offset.reset = latest
	bootstrap.servers = [localhost:29092]
	check.crcs = true
	client.dns.lookup = use_all_dns_ips
	client.id = consumer-transaction-group-2
	client.rack = 
	connections.max.idle.ms = 540000
	default.api.timeout.ms = 60000
	enable.auto.commit = false
	enable.metrics.push = true
	exclude.internal.topics = true
	fetch.max.bytes = 52428800
	fetch.max.wait.ms = 500
	fetch.min.bytes = 1
	group.id = transaction-group
	group.instance.id = null
	group.protocol = classic
	group.remote.assignor = null
	heartbeat.interval.ms = 3000
	interceptor.classes = []
	internal.leave.group.on.close = true
	internal.throw.on.fetch.stable.offset.unsupported = false
	isolation.level = read_uncommitted
	key.deserializer = class org.apache.kafka.common.serialization.StringDeserializer
	max.partition.fetch.bytes = 1048576
	max.poll.interval.ms = 300000
	max.poll.records = 500
	metadata.max.age.ms = 300000
	metadata.recovery.strategy = none
	metric.reporters = []
	metrics.num.samples = 2
	metrics.recording.level = INFO
	metrics.sample.window.ms = 30000
	partition.assignment.strategy = [class org.apache.kafka.clients.consumer.RangeAssignor, class org.apache.kafka.clients.consumer.CooperativeStickyAssignor]
	receive.buffer.bytes = 65536
	reconnect.backoff.max.ms = 1000
	reconnect.backoff.ms = 50
	request.timeout.ms = 30000
	retry.backoff.max.ms = 1000
	retry.backoff.ms = 100
	sasl.client.callback.handler.class = null
	sasl.jaas.config = null
	sasl.kerberos.kinit.cmd = /usr/bin/kinit
	sasl.kerberos.min.time.before.relogin = 60000
	sasl.kerberos.service.name = null
	sasl.kerberos.ticket.renew.jitter = 0.05
	sasl.kerberos.ticket.renew.window.factor = 0.8
	sasl.login.callback.handler.class = null
	sasl.login.class = null
	sasl.login.connect.timeout.ms = null
	sasl.login.read.timeout.ms = null
	sasl.login.refresh.buffer.seconds = 300
	sasl.login.refresh.min.period.seconds = 60
	sasl.login.refresh.window.factor = 0.8
	sasl.login.refresh.window.jitter = 0.05
	sasl.login.retry.backoff.max.ms = 10000
	sasl.login.retry.backoff.ms = 100
	sasl.mechanism = GSSAPI
	sasl.oauthbearer.clock.skew.seconds = 30
	sasl.oauthbearer.expected.audience = null
	sasl.oauthbearer.expected.issuer = null
	sasl.oauthbearer.jwks.endpoint.refresh.ms = 3600000
	sasl.oauthbearer.jwks.endpoint.retry.backoff.max.ms = 10000
	sasl.oauthbearer.jwks.endpoint.retry.backoff.ms = 100
	sasl.oauthbearer.jwks.endpoint.url = null
	sasl.oauthbearer.scope.claim.name = scope
	sasl.oauthbearer.sub.claim.name = sub
	sasl.oauthbearer.token.endpoint.url = null
	security.protocol = PLAINTEXT
	security.providers = null
	send.buffer.bytes = 131072
	session.timeout.ms = 45000
	socket.connection.setup.timeout.max.ms = 30000
	socket.connection.setup.timeout.ms = 10000
	ssl.cipher.suites = null
	ssl.enabled.protocols = [TLSv1.2, TLSv1.3]
	ssl.endpoint.identification.algorithm = https
	ssl.engine.factory.class = null
	ssl.key.password = null
	ssl.keymanager.algorithm = SunX509
	ssl.keystore.certificate.chain = null
	ssl.keystore.key = null
	ssl.keystore.location = null
	ssl.keystore.password = null
	ssl.keystore.type = JKS
	ssl.protocol = TLSv1.3
	ssl.provider = null
	ssl.secure.random.implementation = null
	ssl.trustmanager.algorithm = PKIX
	ssl.truststore.certificates = null
	ssl.truststore.location = null
	ssl.truststore.password = null
	ssl.truststore.type = JKS
	value.deserializer = class org.apache.kafka.common.serialization.StringDeserializer
 
2025-04-28 10:45:35.200 [main] INFO  o.a.k.c.t.i.KafkaMetricsCollector -initializing Kafka metrics collector 
2025-04-28 10:45:35.236 [main] INFO  o.a.kafka.common.utils.AppInfoParser -Kafka version: 3.8.1 
2025-04-28 10:45:35.236 [main] INFO  o.a.kafka.common.utils.AppInfoParser -Kafka commitId: 70d6ff42debf7e17 
2025-04-28 10:45:35.236 [main] INFO  o.a.kafka.common.utils.AppInfoParser -Kafka startTimeMs: 1745855135236 
2025-04-28 10:45:35.240 [main] INFO  o.a.k.c.c.i.LegacyKafkaConsumer -[Consumer clientId=consumer-transaction-group-2, groupId=transaction-group] Subscribed to topic(s): transaction-list-response 
2025-04-28 10:45:35.261 [main] INFO  o.a.k.c.consumer.ConsumerConfig -ConsumerConfig values: 
	allow.auto.create.topics = true
	auto.commit.interval.ms = 5000
	auto.include.jmx.reporter = true
	auto.offset.reset = latest
	bootstrap.servers = [localhost:29092]
	check.crcs = true
	client.dns.lookup = use_all_dns_ips
	client.id = consumer-bootuser-group-3
	client.rack = 
	connections.max.idle.ms = 540000
	default.api.timeout.ms = 60000
	enable.auto.commit = false
	enable.metrics.push = true
	exclude.internal.topics = true
	fetch.max.bytes = 52428800
	fetch.max.wait.ms = 500
	fetch.min.bytes = 1
	group.id = bootuser-group
	group.instance.id = null
	group.protocol = classic
	group.remote.assignor = null
	heartbeat.interval.ms = 3000
	interceptor.classes = []
	internal.leave.group.on.close = true
	internal.throw.on.fetch.stable.offset.unsupported = false
	isolation.level = read_uncommitted
	key.deserializer = class org.apache.kafka.common.serialization.StringDeserializer
	max.partition.fetch.bytes = 1048576
	max.poll.interval.ms = 300000
	max.poll.records = 500
	metadata.max.age.ms = 300000
	metadata.recovery.strategy = none
	metric.reporters = []
	metrics.num.samples = 2
	metrics.recording.level = INFO
	metrics.sample.window.ms = 30000
	partition.assignment.strategy = [class org.apache.kafka.clients.consumer.RangeAssignor, class org.apache.kafka.clients.consumer.CooperativeStickyAssignor]
	receive.buffer.bytes = 65536
	reconnect.backoff.max.ms = 1000
	reconnect.backoff.ms = 50
	request.timeout.ms = 30000
	retry.backoff.max.ms = 1000
	retry.backoff.ms = 100
	sasl.client.callback.handler.class = null
	sasl.jaas.config = null
	sasl.kerberos.kinit.cmd = /usr/bin/kinit
	sasl.kerberos.min.time.before.relogin = 60000
	sasl.kerberos.service.name = null
	sasl.kerberos.ticket.renew.jitter = 0.05
	sasl.kerberos.ticket.renew.window.factor = 0.8
	sasl.login.callback.handler.class = null
	sasl.login.class = null
	sasl.login.connect.timeout.ms = null
	sasl.login.read.timeout.ms = null
	sasl.login.refresh.buffer.seconds = 300
	sasl.login.refresh.min.period.seconds = 60
	sasl.login.refresh.window.factor = 0.8
	sasl.login.refresh.window.jitter = 0.05
	sasl.login.retry.backoff.max.ms = 10000
	sasl.login.retry.backoff.ms = 100
	sasl.mechanism = GSSAPI
	sasl.oauthbearer.clock.skew.seconds = 30
	sasl.oauthbearer.expected.audience = null
	sasl.oauthbearer.expected.issuer = null
	sasl.oauthbearer.jwks.endpoint.refresh.ms = 3600000
	sasl.oauthbearer.jwks.endpoint.retry.backoff.max.ms = 10000
	sasl.oauthbearer.jwks.endpoint.retry.backoff.ms = 100
	sasl.oauthbearer.jwks.endpoint.url = null
	sasl.oauthbearer.scope.claim.name = scope
	sasl.oauthbearer.sub.claim.name = sub
	sasl.oauthbearer.token.endpoint.url = null
	security.protocol = PLAINTEXT
	security.providers = null
	send.buffer.bytes = 131072
	session.timeout.ms = 45000
	socket.connection.setup.timeout.max.ms = 30000
	socket.connection.setup.timeout.ms = 10000
	ssl.cipher.suites = null
	ssl.enabled.protocols = [TLSv1.2, TLSv1.3]
	ssl.endpoint.identification.algorithm = https
	ssl.engine.factory.class = null
	ssl.key.password = null
	ssl.keymanager.algorithm = SunX509
	ssl.keystore.certificate.chain = null
	ssl.keystore.key = null
	ssl.keystore.location = null
	ssl.keystore.password = null
	ssl.keystore.type = JKS
	ssl.protocol = TLSv1.3
	ssl.provider = null
	ssl.secure.random.implementation = null
	ssl.trustmanager.algorithm = PKIX
	ssl.truststore.certificates = null
	ssl.truststore.location = null
	ssl.truststore.password = null
	ssl.truststore.type = JKS
	value.deserializer = class org.apache.kafka.common.serialization.StringDeserializer
 
2025-04-28 10:45:35.262 [main] INFO  o.a.k.c.t.i.KafkaMetricsCollector -initializing Kafka metrics collector 
2025-04-28 10:45:35.288 [main] INFO  o.a.kafka.common.utils.AppInfoParser -Kafka version: 3.8.1 
2025-04-28 10:45:35.288 [main] INFO  o.a.kafka.common.utils.AppInfoParser -Kafka commitId: 70d6ff42debf7e17 
2025-04-28 10:45:35.289 [main] INFO  o.a.kafka.common.utils.AppInfoParser -Kafka startTimeMs: 1745855135287 
2025-04-28 10:45:35.290 [main] INFO  o.a.k.c.c.i.LegacyKafkaConsumer -[Consumer clientId=consumer-bootuser-group-3, groupId=bootuser-group] Subscribed to topic(s): user-response 
2025-04-28 10:45:35.297 [main] INFO  o.a.k.c.consumer.ConsumerConfig -ConsumerConfig values: 
	allow.auto.create.topics = true
	auto.commit.interval.ms = 5000
	auto.include.jmx.reporter = true
	auto.offset.reset = latest
	bootstrap.servers = [localhost:29092]
	check.crcs = true
	client.dns.lookup = use_all_dns_ips
	client.id = consumer-wallet-group-4
	client.rack = 
	connections.max.idle.ms = 540000
	default.api.timeout.ms = 60000
	enable.auto.commit = false
	enable.metrics.push = true
	exclude.internal.topics = true
	fetch.max.bytes = 52428800
	fetch.max.wait.ms = 500
	fetch.min.bytes = 1
	group.id = wallet-group
	group.instance.id = null
	group.protocol = classic
	group.remote.assignor = null
	heartbeat.interval.ms = 3000
	interceptor.classes = []
	internal.leave.group.on.close = true
	internal.throw.on.fetch.stable.offset.unsupported = false
	isolation.level = read_uncommitted
	key.deserializer = class org.apache.kafka.common.serialization.StringDeserializer
	max.partition.fetch.bytes = 1048576
	max.poll.interval.ms = 300000
	max.poll.records = 500
	metadata.max.age.ms = 300000
	metadata.recovery.strategy = none
	metric.reporters = []
	metrics.num.samples = 2
	metrics.recording.level = INFO
	metrics.sample.window.ms = 30000
	partition.assignment.strategy = [class org.apache.kafka.clients.consumer.RangeAssignor, class org.apache.kafka.clients.consumer.CooperativeStickyAssignor]
	receive.buffer.bytes = 65536
	reconnect.backoff.max.ms = 1000
	reconnect.backoff.ms = 50
	request.timeout.ms = 30000
	retry.backoff.max.ms = 1000
	retry.backoff.ms = 100
	sasl.client.callback.handler.class = null
	sasl.jaas.config = null
	sasl.kerberos.kinit.cmd = /usr/bin/kinit
	sasl.kerberos.min.time.before.relogin = 60000
	sasl.kerberos.service.name = null
	sasl.kerberos.ticket.renew.jitter = 0.05
	sasl.kerberos.ticket.renew.window.factor = 0.8
	sasl.login.callback.handler.class = null
	sasl.login.class = null
	sasl.login.connect.timeout.ms = null
	sasl.login.read.timeout.ms = null
	sasl.login.refresh.buffer.seconds = 300
	sasl.login.refresh.min.period.seconds = 60
	sasl.login.refresh.window.factor = 0.8
	sasl.login.refresh.window.jitter = 0.05
	sasl.login.retry.backoff.max.ms = 10000
	sasl.login.retry.backoff.ms = 100
	sasl.mechanism = GSSAPI
	sasl.oauthbearer.clock.skew.seconds = 30
	sasl.oauthbearer.expected.audience = null
	sasl.oauthbearer.expected.issuer = null
	sasl.oauthbearer.jwks.endpoint.refresh.ms = 3600000
	sasl.oauthbearer.jwks.endpoint.retry.backoff.max.ms = 10000
	sasl.oauthbearer.jwks.endpoint.retry.backoff.ms = 100
	sasl.oauthbearer.jwks.endpoint.url = null
	sasl.oauthbearer.scope.claim.name = scope
	sasl.oauthbearer.sub.claim.name = sub
	sasl.oauthbearer.token.endpoint.url = null
	security.protocol = PLAINTEXT
	security.providers = null
	send.buffer.bytes = 131072
	session.timeout.ms = 45000
	socket.connection.setup.timeout.max.ms = 30000
	socket.connection.setup.timeout.ms = 10000
	ssl.cipher.suites = null
	ssl.enabled.protocols = [TLSv1.2, TLSv1.3]
	ssl.endpoint.identification.algorithm = https
	ssl.engine.factory.class = null
	ssl.key.password = null
	ssl.keymanager.algorithm = SunX509
	ssl.keystore.certificate.chain = null
	ssl.keystore.key = null
	ssl.keystore.location = null
	ssl.keystore.password = null
	ssl.keystore.type = JKS
	ssl.protocol = TLSv1.3
	ssl.provider = null
	ssl.secure.random.implementation = null
	ssl.trustmanager.algorithm = PKIX
	ssl.truststore.certificates = null
	ssl.truststore.location = null
	ssl.truststore.password = null
	ssl.truststore.type = JKS
	value.deserializer = class org.apache.kafka.common.serialization.StringDeserializer
 
2025-04-28 10:45:35.299 [main] INFO  o.a.k.c.t.i.KafkaMetricsCollector -initializing Kafka metrics collector 
2025-04-28 10:45:35.317 [main] INFO  o.a.kafka.common.utils.AppInfoParser -Kafka version: 3.8.1 
2025-04-28 10:45:35.318 [main] INFO  o.a.kafka.common.utils.AppInfoParser -Kafka commitId: 70d6ff42debf7e17 
2025-04-28 10:45:35.319 [main] INFO  o.a.kafka.common.utils.AppInfoParser -Kafka startTimeMs: 1745855135317 
2025-04-28 10:45:35.320 [main] INFO  o.a.k.c.c.i.LegacyKafkaConsumer -[Consumer clientId=consumer-wallet-group-4, groupId=wallet-group] Subscribed to topic(s): wallet-bootcoin-response 
2025-04-28 10:45:35.326 [main] INFO  o.a.k.c.consumer.ConsumerConfig -ConsumerConfig values: 
	allow.auto.create.topics = true
	auto.commit.interval.ms = 5000
	auto.include.jmx.reporter = true
	auto.offset.reset = latest
	bootstrap.servers = [localhost:29092]
	check.crcs = true
	client.dns.lookup = use_all_dns_ips
	client.id = consumer-wallet-group-5
	client.rack = 
	connections.max.idle.ms = 540000
	default.api.timeout.ms = 60000
	enable.auto.commit = false
	enable.metrics.push = true
	exclude.internal.topics = true
	fetch.max.bytes = 52428800
	fetch.max.wait.ms = 500
	fetch.min.bytes = 1
	group.id = wallet-group
	group.instance.id = null
	group.protocol = classic
	group.remote.assignor = null
	heartbeat.interval.ms = 3000
	interceptor.classes = []
	internal.leave.group.on.close = true
	internal.throw.on.fetch.stable.offset.unsupported = false
	isolation.level = read_uncommitted
	key.deserializer = class org.apache.kafka.common.serialization.StringDeserializer
	max.partition.fetch.bytes = 1048576
	max.poll.interval.ms = 300000
	max.poll.records = 500
	metadata.max.age.ms = 300000
	metadata.recovery.strategy = none
	metric.reporters = []
	metrics.num.samples = 2
	metrics.recording.level = INFO
	metrics.sample.window.ms = 30000
	partition.assignment.strategy = [class org.apache.kafka.clients.consumer.RangeAssignor, class org.apache.kafka.clients.consumer.CooperativeStickyAssignor]
	receive.buffer.bytes = 65536
	reconnect.backoff.max.ms = 1000
	reconnect.backoff.ms = 50
	request.timeout.ms = 30000
	retry.backoff.max.ms = 1000
	retry.backoff.ms = 100
	sasl.client.callback.handler.class = null
	sasl.jaas.config = null
	sasl.kerberos.kinit.cmd = /usr/bin/kinit
	sasl.kerberos.min.time.before.relogin = 60000
	sasl.kerberos.service.name = null
	sasl.kerberos.ticket.renew.jitter = 0.05
	sasl.kerberos.ticket.renew.window.factor = 0.8
	sasl.login.callback.handler.class = null
	sasl.login.class = null
	sasl.login.connect.timeout.ms = null
	sasl.login.read.timeout.ms = null
	sasl.login.refresh.buffer.seconds = 300
	sasl.login.refresh.min.period.seconds = 60
	sasl.login.refresh.window.factor = 0.8
	sasl.login.refresh.window.jitter = 0.05
	sasl.login.retry.backoff.max.ms = 10000
	sasl.login.retry.backoff.ms = 100
	sasl.mechanism = GSSAPI
	sasl.oauthbearer.clock.skew.seconds = 30
	sasl.oauthbearer.expected.audience = null
	sasl.oauthbearer.expected.issuer = null
	sasl.oauthbearer.jwks.endpoint.refresh.ms = 3600000
	sasl.oauthbearer.jwks.endpoint.retry.backoff.max.ms = 10000
	sasl.oauthbearer.jwks.endpoint.retry.backoff.ms = 100
	sasl.oauthbearer.jwks.endpoint.url = null
	sasl.oauthbearer.scope.claim.name = scope
	sasl.oauthbearer.sub.claim.name = sub
	sasl.oauthbearer.token.endpoint.url = null
	security.protocol = PLAINTEXT
	security.providers = null
	send.buffer.bytes = 131072
	session.timeout.ms = 45000
	socket.connection.setup.timeout.max.ms = 30000
	socket.connection.setup.timeout.ms = 10000
	ssl.cipher.suites = null
	ssl.enabled.protocols = [TLSv1.2, TLSv1.3]
	ssl.endpoint.identification.algorithm = https
	ssl.engine.factory.class = null
	ssl.key.password = null
	ssl.keymanager.algorithm = SunX509
	ssl.keystore.certificate.chain = null
	ssl.keystore.key = null
	ssl.keystore.location = null
	ssl.keystore.password = null
	ssl.keystore.type = JKS
	ssl.protocol = TLSv1.3
	ssl.provider = null
	ssl.secure.random.implementation = null
	ssl.trustmanager.algorithm = PKIX
	ssl.truststore.certificates = null
	ssl.truststore.location = null
	ssl.truststore.password = null
	ssl.truststore.type = JKS
	value.deserializer = class org.apache.kafka.common.serialization.StringDeserializer
 
2025-04-28 10:45:35.327 [main] INFO  o.a.k.c.t.i.KafkaMetricsCollector -initializing Kafka metrics collector 
2025-04-28 10:45:35.361 [main] INFO  o.a.kafka.common.utils.AppInfoParser -Kafka version: 3.8.1 
2025-04-28 10:45:35.362 [main] INFO  o.a.kafka.common.utils.AppInfoParser -Kafka commitId: 70d6ff42debf7e17 
2025-04-28 10:45:35.362 [main] INFO  o.a.kafka.common.utils.AppInfoParser -Kafka startTimeMs: 1745855135361 
2025-04-28 10:45:35.363 [main] INFO  o.a.k.c.c.i.LegacyKafkaConsumer -[Consumer clientId=consumer-wallet-group-5, groupId=wallet-group] Subscribed to topic(s): wallet-user-response 
2025-04-28 10:45:35.513 [main] INFO  o.s.c.n.eureka.InstanceInfoFactory -Setting initial instance status as: STARTING 
2025-04-28 10:45:35.574 [main] INFO  c.netflix.discovery.DiscoveryClient -Initializing Eureka in region us-east-1 
2025-04-28 10:45:35.583 [main] INFO  c.n.d.s.r.aws.ConfigClusterResolver -Resolving eureka endpoints via configuration 
2025-04-28 10:45:35.602 [main] INFO  c.netflix.discovery.DiscoveryClient -Disable delta property : false 
2025-04-28 10:45:35.603 [main] INFO  c.netflix.discovery.DiscoveryClient -Single vip registry refresh property : null 
2025-04-28 10:45:35.604 [main] INFO  c.netflix.discovery.DiscoveryClient -Force full registry fetch : false 
2025-04-28 10:45:35.604 [main] INFO  c.netflix.discovery.DiscoveryClient -Application is null : false 
2025-04-28 10:45:35.604 [main] INFO  c.netflix.discovery.DiscoveryClient -Registered Applications size is zero : true 
2025-04-28 10:45:35.604 [main] INFO  c.netflix.discovery.DiscoveryClient -Application version is -1: true 
2025-04-28 10:45:35.604 [main] INFO  c.netflix.discovery.DiscoveryClient -Getting all instance registry info from the eureka server 
2025-04-28 10:45:36.021 [exchangeRepliesContainer-0-C-1] INFO  o.apache.kafka.clients.NetworkClient -[Consumer clientId=consumer-exchange-group-1, groupId=exchange-group] Node -1 disconnected. 
2025-04-28 10:45:36.021 [walletRepliesContainer-0-C-1] INFO  o.apache.kafka.clients.NetworkClient -[Consumer clientId=consumer-wallet-group-4, groupId=wallet-group] Node -1 disconnected. 
2025-04-28 10:45:36.021 [transactionRepliesContainer-0-C-1] INFO  o.apache.kafka.clients.NetworkClient -[Consumer clientId=consumer-transaction-group-2, groupId=transaction-group] Node -1 disconnected. 
2025-04-28 10:45:36.022 [walletUserRepliesContainer-0-C-1] INFO  o.apache.kafka.clients.NetworkClient -[Consumer clientId=consumer-wallet-group-5, groupId=wallet-group] Node -1 disconnected. 
2025-04-28 10:45:36.026 [bootCoinUserRepliesContainer-0-C-1] INFO  o.apache.kafka.clients.NetworkClient -[Consumer clientId=consumer-bootuser-group-3, groupId=bootuser-group] Node -1 disconnected. 
2025-04-28 10:45:36.029 [exchangeRepliesContainer-0-C-1] WARN  o.apache.kafka.clients.NetworkClient -[Consumer clientId=consumer-exchange-group-1, groupId=exchange-group] Connection to node -1 (localhost/127.0.0.1:29092) could not be established. Node may not be available. 
2025-04-28 10:45:36.029 [bootCoinUserRepliesContainer-0-C-1] WARN  o.apache.kafka.clients.NetworkClient -[Consumer clientId=consumer-bootuser-group-3, groupId=bootuser-group] Connection to node -1 (localhost/127.0.0.1:29092) could not be established. Node may not be available. 
2025-04-28 10:45:36.029 [walletUserRepliesContainer-0-C-1] WARN  o.apache.kafka.clients.NetworkClient -[Consumer clientId=consumer-wallet-group-5, groupId=wallet-group] Connection to node -1 (localhost/127.0.0.1:29092) could not be established. Node may not be available. 
2025-04-28 10:45:36.029 [walletRepliesContainer-0-C-1] WARN  o.apache.kafka.clients.NetworkClient -[Consumer clientId=consumer-wallet-group-4, groupId=wallet-group] Connection to node -1 (localhost/127.0.0.1:29092) could not be established. Node may not be available. 
2025-04-28 10:45:36.029 [transactionRepliesContainer-0-C-1] WARN  o.apache.kafka.clients.NetworkClient -[Consumer clientId=consumer-transaction-group-2, groupId=transaction-group] Connection to node -1 (localhost/127.0.0.1:29092) could not be established. Node may not be available. 
2025-04-28 10:45:36.030 [walletRepliesContainer-0-C-1] WARN  o.apache.kafka.clients.NetworkClient -[Consumer clientId=consumer-wallet-group-4, groupId=wallet-group] Bootstrap broker localhost:29092 (id: -1 rack: null) disconnected 
2025-04-28 10:45:36.030 [transactionRepliesContainer-0-C-1] WARN  o.apache.kafka.clients.NetworkClient -[Consumer clientId=consumer-transaction-group-2, groupId=transaction-group] Bootstrap broker localhost:29092 (id: -1 rack: null) disconnected 
2025-04-28 10:45:36.030 [bootCoinUserRepliesContainer-0-C-1] WARN  o.apache.kafka.clients.NetworkClient -[Consumer clientId=consumer-bootuser-group-3, groupId=bootuser-group] Bootstrap broker localhost:29092 (id: -1 rack: null) disconnected 
2025-04-28 10:45:36.030 [exchangeRepliesContainer-0-C-1] WARN  o.apache.kafka.clients.NetworkClient -[Consumer clientId=consumer-exchange-group-1, groupId=exchange-group] Bootstrap broker localhost:29092 (id: -1 rack: null) disconnected 
2025-04-28 10:45:36.031 [walletUserRepliesContainer-0-C-1] WARN  o.apache.kafka.clients.NetworkClient -[Consumer clientId=consumer-wallet-group-5, groupId=wallet-group] Bootstrap broker localhost:29092 (id: -1 rack: null) disconnected 
2025-04-28 10:45:36.127 [exchangeRepliesContainer-0-C-1] INFO  o.apache.kafka.clients.NetworkClient -[Consumer clientId=consumer-exchange-group-1, groupId=exchange-group] Node -1 disconnected. 
2025-04-28 10:45:36.128 [exchangeRepliesContainer-0-C-1] WARN  o.apache.kafka.clients.NetworkClient -[Consumer clientId=consumer-exchange-group-1, groupId=exchange-group] Connection to node -1 (localhost/127.0.0.1:29092) could not be established. Node may not be available. 
2025-04-28 10:45:36.128 [exchangeRepliesContainer-0-C-1] WARN  o.apache.kafka.clients.NetworkClient -[Consumer clientId=consumer-exchange-group-1, groupId=exchange-group] Bootstrap broker localhost:29092 (id: -1 rack: null) disconnected 
2025-04-28 10:45:36.144 [walletRepliesContainer-0-C-1] INFO  o.apache.kafka.clients.NetworkClient -[Consumer clientId=consumer-wallet-group-4, groupId=wallet-group] Node -1 disconnected. 
2025-04-28 10:45:36.145 [walletRepliesContainer-0-C-1] WARN  o.apache.kafka.clients.NetworkClient -[Consumer clientId=consumer-wallet-group-4, groupId=wallet-group] Connection to node -1 (localhost/127.0.0.1:29092) could not be established. Node may not be available. 
2025-04-28 10:45:36.145 [walletRepliesContainer-0-C-1] WARN  o.apache.kafka.clients.NetworkClient -[Consumer clientId=consumer-wallet-group-4, groupId=wallet-group] Bootstrap broker localhost:29092 (id: -1 rack: null) disconnected 
2025-04-28 10:45:36.150 [bootCoinUserRepliesContainer-0-C-1] INFO  o.apache.kafka.clients.NetworkClient -[Consumer clientId=consumer-bootuser-group-3, groupId=bootuser-group] Node -1 disconnected. 
2025-04-28 10:45:36.151 [bootCoinUserRepliesContainer-0-C-1] WARN  o.apache.kafka.clients.NetworkClient -[Consumer clientId=consumer-bootuser-group-3, groupId=bootuser-group] Connection to node -1 (localhost/127.0.0.1:29092) could not be established. Node may not be available. 
2025-04-28 10:45:36.151 [bootCoinUserRepliesContainer-0-C-1] WARN  o.apache.kafka.clients.NetworkClient -[Consumer clientId=consumer-bootuser-group-3, groupId=bootuser-group] Bootstrap broker localhost:29092 (id: -1 rack: null) disconnected 
2025-04-28 10:45:36.155 [transactionRepliesContainer-0-C-1] INFO  o.apache.kafka.clients.NetworkClient -[Consumer clientId=consumer-transaction-group-2, groupId=transaction-group] Node -1 disconnected. 
2025-04-28 10:45:36.156 [transactionRepliesContainer-0-C-1] WARN  o.apache.kafka.clients.NetworkClient -[Consumer clientId=consumer-transaction-group-2, groupId=transaction-group] Connection to node -1 (localhost/127.0.0.1:29092) could not be established. Node may not be available. 
2025-04-28 10:45:36.156 [transactionRepliesContainer-0-C-1] WARN  o.apache.kafka.clients.NetworkClient -[Consumer clientId=consumer-transaction-group-2, groupId=transaction-group] Bootstrap broker localhost:29092 (id: -1 rack: null) disconnected 
2025-04-28 10:45:36.159 [walletUserRepliesContainer-0-C-1] INFO  o.apache.kafka.clients.NetworkClient -[Consumer clientId=consumer-wallet-group-5, groupId=wallet-group] Node -1 disconnected. 
2025-04-28 10:45:36.160 [walletUserRepliesContainer-0-C-1] WARN  o.apache.kafka.clients.NetworkClient -[Consumer clientId=consumer-wallet-group-5, groupId=wallet-group] Connection to node -1 (localhost/127.0.0.1:29092) could not be established. Node may not be available. 
2025-04-28 10:45:36.160 [walletUserRepliesContainer-0-C-1] WARN  o.apache.kafka.clients.NetworkClient -[Consumer clientId=consumer-wallet-group-5, groupId=wallet-group] Bootstrap broker localhost:29092 (id: -1 rack: null) disconnected 
2025-04-28 10:45:36.242 [exchangeRepliesContainer-0-C-1] INFO  o.apache.kafka.clients.NetworkClient -[Consumer clientId=consumer-exchange-group-1, groupId=exchange-group] Node -1 disconnected. 
2025-04-28 10:45:36.242 [exchangeRepliesContainer-0-C-1] WARN  o.apache.kafka.clients.NetworkClient -[Consumer clientId=consumer-exchange-group-1, groupId=exchange-group] Connection to node -1 (localhost/127.0.0.1:29092) could not be established. Node may not be available. 
2025-04-28 10:45:36.242 [exchangeRepliesContainer-0-C-1] WARN  o.apache.kafka.clients.NetworkClient -[Consumer clientId=consumer-exchange-group-1, groupId=exchange-group] Bootstrap broker localhost:29092 (id: -1 rack: null) disconnected 
2025-04-28 10:45:36.257 [walletRepliesContainer-0-C-1] INFO  o.apache.kafka.clients.NetworkClient -[Consumer clientId=consumer-wallet-group-4, groupId=wallet-group] Node -1 disconnected. 
2025-04-28 10:45:36.258 [walletRepliesContainer-0-C-1] WARN  o.apache.kafka.clients.NetworkClient -[Consumer clientId=consumer-wallet-group-4, groupId=wallet-group] Connection to node -1 (localhost/127.0.0.1:29092) could not be established. Node may not be available. 
2025-04-28 10:45:36.258 [bootCoinUserRepliesContainer-0-C-1] INFO  o.apache.kafka.clients.NetworkClient -[Consumer clientId=consumer-bootuser-group-3, groupId=bootuser-group] Node -1 disconnected. 
2025-04-28 10:45:36.258 [walletRepliesContainer-0-C-1] WARN  o.apache.kafka.clients.NetworkClient -[Consumer clientId=consumer-wallet-group-4, groupId=wallet-group] Bootstrap broker localhost:29092 (id: -1 rack: null) disconnected 
2025-04-28 10:45:36.258 [bootCoinUserRepliesContainer-0-C-1] WARN  o.apache.kafka.clients.NetworkClient -[Consumer clientId=consumer-bootuser-group-3, groupId=bootuser-group] Connection to node -1 (localhost/127.0.0.1:29092) could not be established. Node may not be available. 
2025-04-28 10:45:36.259 [bootCoinUserRepliesContainer-0-C-1] WARN  o.apache.kafka.clients.NetworkClient -[Consumer clientId=consumer-bootuser-group-3, groupId=bootuser-group] Bootstrap broker localhost:29092 (id: -1 rack: null) disconnected 
2025-04-28 10:45:36.272 [transactionRepliesContainer-0-C-1] INFO  o.apache.kafka.clients.NetworkClient -[Consumer clientId=consumer-transaction-group-2, groupId=transaction-group] Node -1 disconnected. 
2025-04-28 10:45:36.273 [transactionRepliesContainer-0-C-1] WARN  o.apache.kafka.clients.NetworkClient -[Consumer clientId=consumer-transaction-group-2, groupId=transaction-group] Connection to node -1 (localhost/127.0.0.1:29092) could not be established. Node may not be available. 
2025-04-28 10:45:36.273 [transactionRepliesContainer-0-C-1] WARN  o.apache.kafka.clients.NetworkClient -[Consumer clientId=consumer-transaction-group-2, groupId=transaction-group] Bootstrap broker localhost:29092 (id: -1 rack: null) disconnected 
2025-04-28 10:45:36.287 [walletUserRepliesContainer-0-C-1] INFO  o.apache.kafka.clients.NetworkClient -[Consumer clientId=consumer-wallet-group-5, groupId=wallet-group] Node -1 disconnected. 
2025-04-28 10:45:36.288 [walletUserRepliesContainer-0-C-1] WARN  o.apache.kafka.clients.NetworkClient -[Consumer clientId=consumer-wallet-group-5, groupId=wallet-group] Connection to node -1 (localhost/127.0.0.1:29092) could not be established. Node may not be available. 
2025-04-28 10:45:36.289 [walletUserRepliesContainer-0-C-1] WARN  o.apache.kafka.clients.NetworkClient -[Consumer clientId=consumer-wallet-group-5, groupId=wallet-group] Bootstrap broker localhost:29092 (id: -1 rack: null) disconnected 
2025-04-28 10:45:36.377 [main] INFO  c.netflix.discovery.DiscoveryClient -The response status is 200 
2025-04-28 10:45:36.382 [main] INFO  c.netflix.discovery.DiscoveryClient -Starting heartbeat executor: renew interval is: 30 
2025-04-28 10:45:36.387 [main] INFO  c.n.discovery.InstanceInfoReplicator -InstanceInfoReplicator onDemand update allowed rate per min is 4 
2025-04-28 10:45:36.390 [main] INFO  c.netflix.discovery.DiscoveryClient -Discovery Client initialized at timestamp 1745855136390 with initial instances count: 5 
2025-04-28 10:45:36.398 [main] INFO  o.s.c.n.e.s.EurekaServiceRegistry -Registering application P2P-BOOTCOIN-SERVICE with eureka with status UP 
2025-04-28 10:45:36.399 [main] INFO  c.netflix.discovery.DiscoveryClient -Saw local status change event StatusChangeEvent [timestamp=1745855136399, current=UP, previous=STARTING] 
2025-04-28 10:45:36.405 [DiscoveryClient-InstanceInfoReplicator-%d] INFO  c.netflix.discovery.DiscoveryClient -DiscoveryClient_P2P-BOOTCOIN-SERVICE/p2p-bootcoin-service:8803: registering service... 
2025-04-28 10:45:36.442 [walletRepliesContainer-0-C-1] INFO  o.apache.kafka.clients.NetworkClient -[Consumer clientId=consumer-wallet-group-4, groupId=wallet-group] Node -1 disconnected. 
2025-04-28 10:45:36.442 [walletRepliesContainer-0-C-1] WARN  o.apache.kafka.clients.NetworkClient -[Consumer clientId=consumer-wallet-group-4, groupId=wallet-group] Connection to node -1 (localhost/127.0.0.1:29092) could not be established. Node may not be available. 
2025-04-28 10:45:36.442 [walletRepliesContainer-0-C-1] WARN  o.apache.kafka.clients.NetworkClient -[Consumer clientId=consumer-wallet-group-4, groupId=wallet-group] Bootstrap broker localhost:29092 (id: -1 rack: null) disconnected 
2025-04-28 10:45:36.450 [main] INFO  c.b.p.b.s.P2pBootcoinServiceApplicationTests -Started P2pBootcoinServiceApplicationTests in 16.652 seconds (process running for 25.193) 
]]></system-out>
  </testcase>
</testsuite>