<?xml version="1.0" encoding="UTF-8"?>
<testsuite xmlns:xsi="http://www.w3.org/2001/XMLSchema-instance" xsi:noNamespaceSchemaLocation="https://maven.apache.org/surefire/maven-surefire-plugin/xsd/surefire-test-report.xsd" version="3.0.2" name="com.bootcoin.user.api.BootcoinUserApiApplicationTests" time="19.204" tests="1" errors="0" skipped="0" failures="0">
  <properties>
[...]
</properties>
  <testcase name="contextLoads" classname="com.bootcoin.user.api.BootcoinUserApiApplicationTests" time="1.91">
    <system-out><![CDATA[2025-04-28 16:21:32.309 [main] INFO  o.s.t.c.s.AnnotationConfigContextLoaderUtils -Could not detect default configuration classes for test class [com.bootcoin.user.api.BootcoinUserApiApplicationTests]: BootcoinUserApiApplicationTests does not declare any static, non-private, non-final, nested classes annotated with @Configuration. 
2025-04-28 16:21:32.638 [main] INFO  o.s.b.t.c.SpringBootTestContextBootstrapper -Found @SpringBootConfiguration com.bootcoin.user.api.BootcoinUserApiApplication for test class com.bootcoin.user.api.BootcoinUserApiApplicationTests 

  .   ____          _            __ _ _
 /\\ / ___'_ __ _ _(_)_ __  __ _ \ \ \ \
( ( )\___ | '_ | '_| | '_ \/ _` | \ \ \ \
 \\/  ___)| |_)| | | | | || (_| |  ) ) ) )
  '  |____| .__|_| |_|_| |_\__, | / / / /
 =========|_|==============|___/=/_/_/_/

 :: Spring Boot ::                (v3.4.5)

2025-04-28 16:21:36.084 [main] INFO  c.b.u.a.BootcoinUserApiApplicationTests -Starting BootcoinUserApiApplicationTests using Java 17.0.12 with PID 28812 (started by mgarcsar in C:\Users\mgarcsar\Documents\Bootcamp\etregables\BootCoin\bootcoin-user-api) 
2025-04-28 16:21:36.085 [main] INFO  c.b.u.a.BootcoinUserApiApplicationTests -The following 1 profile is active: "dev" 
2025-04-28 16:21:36.132 [main] INFO  o.s.c.c.c.ConfigServerConfigDataLoader -Fetching config from server at : http://config-server-bc:8888 
2025-04-28 16:21:36.132 [main] INFO  o.s.c.c.c.ConfigServerConfigDataLoader -Exception on Url - http://config-server-bc:8888:org.springframework.web.client.ResourceAccessException: I/O error on GET request for "http://config-server-bc:8888/bootcoin-user-api/default": config-server-bc. Will be trying the next url if available 
2025-04-28 16:21:36.132 [main] WARN  o.s.c.c.c.ConfigServerConfigDataLoader -Could not locate PropertySource ([ConfigServerConfigDataResource@3e1897d uris = array<String>['http://config-server-bc:8888'], optional = true, profiles = 'default']): I/O error on GET request for "http://config-server-bc:8888/bootcoin-user-api/default": config-server-bc 
2025-04-28 16:21:36.132 [main] INFO  o.s.c.c.c.ConfigServerConfigDataLoader -Fetching config from server at : http://config-server-bc:8888 
2025-04-28 16:21:36.132 [main] INFO  o.s.c.c.c.ConfigServerConfigDataLoader -Exception on Url - http://config-server-bc:8888:org.springframework.web.client.ResourceAccessException: I/O error on GET request for "http://config-server-bc:8888/bootcoin-user-api/dev": config-server-bc. Will be trying the next url if available 
2025-04-28 16:21:36.133 [main] WARN  o.s.c.c.c.ConfigServerConfigDataLoader -Could not locate PropertySource ([ConfigServerConfigDataResource@53d2f0ec uris = array<String>['http://config-server-bc:8888'], optional = true, profiles = 'dev']): I/O error on GET request for "http://config-server-bc:8888/bootcoin-user-api/dev": config-server-bc 
2025-04-28 16:21:36.133 [main] INFO  o.s.c.c.c.ConfigServerConfigDataLoader -Fetching config from server at : http://config-server-bc:8888 
2025-04-28 16:21:36.133 [main] INFO  o.s.c.c.c.ConfigServerConfigDataLoader -Exception on Url - http://config-server-bc:8888:org.springframework.web.client.ResourceAccessException: I/O error on GET request for "http://config-server-bc:8888/bootcoin-user-api/default": config-server-bc. Will be trying the next url if available 
2025-04-28 16:21:36.133 [main] WARN  o.s.c.c.c.ConfigServerConfigDataLoader -Could not locate PropertySource ([ConfigServerConfigDataResource@560be8c0 uris = array<String>['http://config-server-bc:8888'], optional = true, profiles = 'default']): I/O error on GET request for "http://config-server-bc:8888/bootcoin-user-api/default": config-server-bc 
2025-04-28 16:21:38.221 [main] INFO  o.s.d.r.c.RepositoryConfigurationDelegate -Bootstrapping Spring Data Reactive MongoDB repositories in DEFAULT mode. 
2025-04-28 16:21:38.874 [main] INFO  o.s.d.r.c.RepositoryConfigurationDelegate -Finished Spring Data repository scanning in 638 ms. Found 1 Reactive MongoDB repository interface. 
2025-04-28 16:21:39.378 [main] INFO  o.s.cloud.context.scope.GenericScope -BeanFactory id=38fdc953-25ca-3510-8aa0-db7918657eca 
2025-04-28 16:21:40.652 [main] INFO  org.mongodb.driver.client -MongoClient with metadata {"driver": {"name": "mongo-java-driver|reactive-streams|spring-boot", "version": "5.2.1"}, "os": {"type": "Windows", "name": "Windows 10", "architecture": "amd64", "version": "10.0"}, "platform": "Java/Oracle Corporation/17.0.12+8-LTS-286"} created with settings MongoClientSettings{readPreference=primary, writeConcern=WriteConcern{w=null, wTimeout=null ms, journal=null}, retryWrites=true, retryReads=true, readConcern=ReadConcern{level=null}, credential=null, transportSettings=NettyTransportSettings{eventLoopGroup=io.netty.channel.nio.NioEventLoopGroup@334f130d, socketChannelClass=null, allocator=null, sslContext=null}, commandListeners=[io.micrometer.core.instrument.binder.mongodb.MongoMetricsCommandListener@2ba70002], codecRegistry=ProvidersCodecRegistry{codecProviders=[ValueCodecProvider{}, BsonValueCodecProvider{}, DBRefCodecProvider{}, DBObjectCodecProvider{}, DocumentCodecProvider{}, CollectionCodecProvider{}, IterableCodecProvider{}, MapCodecProvider{}, GeoJsonCodecProvider{}, GridFSFileCodecProvider{}, Jsr310CodecProvider{}, JsonObjectCodecProvider{}, BsonCodecProvider{}, EnumCodecProvider{}, com.mongodb.client.model.mql.ExpressionCodecProvider@75b18097, com.mongodb.Jep395RecordCodecProvider@159d6740, com.mongodb.KotlinCodecProvider@5e81d985]}, loggerSettings=LoggerSettings{maxDocumentLength=1000}, clusterSettings={hosts=[localhost:27017], srvServiceName=mongodb, mode=SINGLE, requiredClusterType=UNKNOWN, requiredReplicaSetName='null', serverSelector='null', clusterListeners='[]', serverSelectionTimeout='30000 ms', localThreshold='15 ms'}, socketSettings=SocketSettings{connectTimeoutMS=10000, readTimeoutMS=0, receiveBufferSize=0, proxySettings=ProxySettings{host=null, port=null, username=null, password=null}}, heartbeatSocketSettings=SocketSettings{connectTimeoutMS=10000, readTimeoutMS=10000, receiveBufferSize=0, proxySettings=ProxySettings{host=null, port=null, username=null, password=null}}, connectionPoolSettings=ConnectionPoolSettings{maxSize=100, minSize=0, maxWaitTimeMS=120000, maxConnectionLifeTimeMS=0, maxConnectionIdleTimeMS=0, maintenanceInitialDelayMS=0, maintenanceFrequencyMS=60000, connectionPoolListeners=[io.micrometer.core.instrument.binder.mongodb.MongoMetricsConnectionPoolListener@4d356547], maxConnecting=2}, serverSettings=ServerSettings{heartbeatFrequencyMS=10000, minHeartbeatFrequencyMS=500, serverMonitoringMode=AUTO, serverListeners='[]', serverMonitorListeners='[]'}, sslSettings=SslSettings{enabled=false, invalidHostNameAllowed=false, context=null}, applicationName='null', compressorList=[], uuidRepresentation=JAVA_LEGACY, serverApi=null, autoEncryptionSettings=null, dnsClient=null, inetAddressResolver=null, contextProvider=null, timeoutMS=null} 
2025-04-28 16:21:40.916 [cluster-ClusterId{value='680ff164da103f707fa1c2fa', description='null'}-localhost:27017] INFO  org.mongodb.driver.cluster -Monitor thread successfully connected to server with description ServerDescription{address=localhost:27017, type=STANDALONE, cryptd=false, state=CONNECTED, ok=true, minWireVersion=0, maxWireVersion=25, maxDocumentSize=16777216, logicalSessionTimeoutMinutes=30, roundTripTimeNanos=128042400, minRoundTripTimeNanos=0} 
2025-04-28 16:21:42.960 [main] INFO  o.s.v.b.OptionalValidatorFactoryBean -Failed to set up a Bean Validation provider: jakarta.validation.NoProviderFoundException: Unable to create a Configuration, because no Jakarta Bean Validation provider could be found. Add a provider like Hibernate Validator (RI) to your classpath. 
2025-04-28 16:21:45.390 [main] INFO  o.s.b.a.e.web.EndpointLinksResolver -Exposing 2 endpoints beneath base path '/actuator' 
2025-04-28 16:21:46.539 [main] INFO  o.s.c.n.e.c.DiscoveryClientOptionalArgsConfiguration -Eureka HTTP Client uses RestTemplate. 
2025-04-28 16:21:46.641 [main] WARN  o.s.c.l.c.LoadBalancerCacheAutoConfiguration$LoadBalancerCaffeineWarnLogger -Spring Cloud LoadBalancer is currently working with the default cache. While this cache implementation is useful for development and tests, it's recommended to use Caffeine cache in production.You can switch to using Caffeine cache, by adding it and org.springframework.cache.caffeine.CaffeineCacheManager to the classpath. 
2025-04-28 16:21:46.897 [main] INFO  o.a.k.c.consumer.ConsumerConfig -ConsumerConfig values: 
	allow.auto.create.topics = true
	auto.commit.interval.ms = 5000
	auto.include.jmx.reporter = true
	auto.offset.reset = latest
	bootstrap.servers = [localhost:29092]
	check.crcs = true
	client.dns.lookup = use_all_dns_ips
	client.id = consumer-bootcoin-group-1
	client.rack = 
	connections.max.idle.ms = 540000
	default.api.timeout.ms = 60000
	enable.auto.commit = false
	enable.metrics.push = true
	exclude.internal.topics = true
	fetch.max.bytes = 52428800
	fetch.max.wait.ms = 500
	fetch.min.bytes = 1
	group.id = bootcoin-group
	group.instance.id = null
	group.protocol = classic
	group.remote.assignor = null
	heartbeat.interval.ms = 3000
	interceptor.classes = []
	internal.leave.group.on.close = true
	internal.throw.on.fetch.stable.offset.unsupported = false
	isolation.level = read_uncommitted
	key.deserializer = class org.apache.kafka.common.serialization.StringDeserializer
	max.partition.fetch.bytes = 1048576
	max.poll.interval.ms = 300000
	max.poll.records = 500
	metadata.max.age.ms = 300000
	metadata.recovery.strategy = none
	metric.reporters = []
	metrics.num.samples = 2
	metrics.recording.level = INFO
	metrics.sample.window.ms = 30000
	partition.assignment.strategy = [class org.apache.kafka.clients.consumer.RangeAssignor, class org.apache.kafka.clients.consumer.CooperativeStickyAssignor]
	receive.buffer.bytes = 65536
	reconnect.backoff.max.ms = 1000
	reconnect.backoff.ms = 50
	request.timeout.ms = 30000
	retry.backoff.max.ms = 1000
	retry.backoff.ms = 100
	sasl.client.callback.handler.class = null
	sasl.jaas.config = null
	sasl.kerberos.kinit.cmd = /usr/bin/kinit
	sasl.kerberos.min.time.before.relogin = 60000
	sasl.kerberos.service.name = null
	sasl.kerberos.ticket.renew.jitter = 0.05
	sasl.kerberos.ticket.renew.window.factor = 0.8
	sasl.login.callback.handler.class = null
	sasl.login.class = null
	sasl.login.connect.timeout.ms = null
	sasl.login.read.timeout.ms = null
	sasl.login.refresh.buffer.seconds = 300
	sasl.login.refresh.min.period.seconds = 60
	sasl.login.refresh.window.factor = 0.8
	sasl.login.refresh.window.jitter = 0.05
	sasl.login.retry.backoff.max.ms = 10000
	sasl.login.retry.backoff.ms = 100
	sasl.mechanism = GSSAPI
	sasl.oauthbearer.clock.skew.seconds = 30
	sasl.oauthbearer.expected.audience = null
	sasl.oauthbearer.expected.issuer = null
	sasl.oauthbearer.jwks.endpoint.refresh.ms = 3600000
	sasl.oauthbearer.jwks.endpoint.retry.backoff.max.ms = 10000
	sasl.oauthbearer.jwks.endpoint.retry.backoff.ms = 100
	sasl.oauthbearer.jwks.endpoint.url = null
	sasl.oauthbearer.scope.claim.name = scope
	sasl.oauthbearer.sub.claim.name = sub
	sasl.oauthbearer.token.endpoint.url = null
	security.protocol = PLAINTEXT
	security.providers = null
	send.buffer.bytes = 131072
	session.timeout.ms = 45000
	socket.connection.setup.timeout.max.ms = 30000
	socket.connection.setup.timeout.ms = 10000
	ssl.cipher.suites = null
	ssl.enabled.protocols = [TLSv1.2, TLSv1.3]
	ssl.endpoint.identification.algorithm = https
	ssl.engine.factory.class = null
	ssl.key.password = null
	ssl.keymanager.algorithm = SunX509
	ssl.keystore.certificate.chain = null
	ssl.keystore.key = null
	ssl.keystore.location = null
	ssl.keystore.password = null
	ssl.keystore.type = JKS
	ssl.protocol = TLSv1.3
	ssl.provider = null
	ssl.secure.random.implementation = null
	ssl.trustmanager.algorithm = PKIX
	ssl.truststore.certificates = null
	ssl.truststore.location = null
	ssl.truststore.password = null
	ssl.truststore.type = JKS
	value.deserializer = class org.apache.kafka.common.serialization.StringDeserializer
 
2025-04-28 16:21:47.031 [main] INFO  o.a.k.c.t.i.KafkaMetricsCollector -initializing Kafka metrics collector 
2025-04-28 16:21:47.299 [main] INFO  o.a.kafka.common.utils.AppInfoParser -Kafka version: 3.8.1 
2025-04-28 16:21:47.302 [main] INFO  o.a.kafka.common.utils.AppInfoParser -Kafka commitId: 70d6ff42debf7e17 
2025-04-28 16:21:47.302 [main] INFO  o.a.kafka.common.utils.AppInfoParser -Kafka startTimeMs: 1745875307297 
2025-04-28 16:21:47.309 [main] INFO  o.a.k.c.c.i.LegacyKafkaConsumer -[Consumer clientId=consumer-bootcoin-group-1, groupId=bootcoin-group] Subscribed to topic(s): user-create-response, user-by-wallet-request 
2025-04-28 16:21:47.354 [main] INFO  o.s.c.n.eureka.InstanceInfoFactory -Setting initial instance status as: STARTING 
2025-04-28 16:21:47.420 [main] INFO  c.netflix.discovery.DiscoveryClient -Initializing Eureka in region us-east-1 
2025-04-28 16:21:47.428 [main] INFO  c.n.d.s.r.aws.ConfigClusterResolver -Resolving eureka endpoints via configuration 
2025-04-28 16:21:47.462 [main] INFO  c.netflix.discovery.DiscoveryClient -Disable delta property : false 
2025-04-28 16:21:47.462 [main] INFO  c.netflix.discovery.DiscoveryClient -Single vip registry refresh property : null 
2025-04-28 16:21:47.462 [main] INFO  c.netflix.discovery.DiscoveryClient -Force full registry fetch : false 
2025-04-28 16:21:47.462 [main] INFO  c.netflix.discovery.DiscoveryClient -Application is null : false 
2025-04-28 16:21:47.462 [main] INFO  c.netflix.discovery.DiscoveryClient -Registered Applications size is zero : true 
2025-04-28 16:21:47.463 [main] INFO  c.netflix.discovery.DiscoveryClient -Application version is -1: true 
2025-04-28 16:21:47.463 [main] INFO  c.netflix.discovery.DiscoveryClient -Getting all instance registry info from the eureka server 
2025-04-28 16:21:48.452 [main] INFO  c.netflix.discovery.DiscoveryClient -The response status is 200 
2025-04-28 16:21:48.456 [main] INFO  c.netflix.discovery.DiscoveryClient -Starting heartbeat executor: renew interval is: 30 
2025-04-28 16:21:48.461 [main] INFO  c.n.discovery.InstanceInfoReplicator -InstanceInfoReplicator onDemand update allowed rate per min is 4 
2025-04-28 16:21:48.464 [main] INFO  c.netflix.discovery.DiscoveryClient -Discovery Client initialized at timestamp 1745875308464 with initial instances count: 3 
2025-04-28 16:21:48.470 [main] INFO  o.s.c.n.e.s.EurekaServiceRegistry -Registering application BOOTCOIN-USER-API with eureka with status UP 
2025-04-28 16:21:48.472 [main] INFO  c.netflix.discovery.DiscoveryClient -Saw local status change event StatusChangeEvent [timestamp=1745875308472, current=UP, previous=STARTING] 
2025-04-28 16:21:48.475 [DiscoveryClient-InstanceInfoReplicator-%d] INFO  c.netflix.discovery.DiscoveryClient -DiscoveryClient_BOOTCOIN-USER-API/bootcoin-user-api:8817: registering service... 
2025-04-28 16:21:48.477 [main] INFO  o.a.k.c.consumer.ConsumerConfig -ConsumerConfig values: 
	allow.auto.create.topics = true
	auto.commit.interval.ms = 5000
	auto.include.jmx.reporter = true
	auto.offset.reset = latest
	bootstrap.servers = [localhost:29092]
	check.crcs = true
	client.dns.lookup = use_all_dns_ips
	client.id = consumer-bootcoin-group-2
	client.rack = 
	connections.max.idle.ms = 540000
	default.api.timeout.ms = 60000
	enable.auto.commit = false
	enable.metrics.push = true
	exclude.internal.topics = true
	fetch.max.bytes = 52428800
	fetch.max.wait.ms = 500
	fetch.min.bytes = 1
	group.id = bootcoin-group
	group.instance.id = null
	group.protocol = classic
	group.remote.assignor = null
	heartbeat.interval.ms = 3000
	interceptor.classes = []
	internal.leave.group.on.close = true
	internal.throw.on.fetch.stable.offset.unsupported = false
	isolation.level = read_uncommitted
	key.deserializer = class org.apache.kafka.common.serialization.StringDeserializer
	max.partition.fetch.bytes = 1048576
	max.poll.interval.ms = 300000
	max.poll.records = 500
	metadata.max.age.ms = 300000
	metadata.recovery.strategy = none
	metric.reporters = []
	metrics.num.samples = 2
	metrics.recording.level = INFO
	metrics.sample.window.ms = 30000
	partition.assignment.strategy = [class org.apache.kafka.clients.consumer.RangeAssignor, class org.apache.kafka.clients.consumer.CooperativeStickyAssignor]
	receive.buffer.bytes = 65536
	reconnect.backoff.max.ms = 1000
	reconnect.backoff.ms = 50
	request.timeout.ms = 30000
	retry.backoff.max.ms = 1000
	retry.backoff.ms = 100
	sasl.client.callback.handler.class = null
	sasl.jaas.config = null
	sasl.kerberos.kinit.cmd = /usr/bin/kinit
	sasl.kerberos.min.time.before.relogin = 60000
	sasl.kerberos.service.name = null
	sasl.kerberos.ticket.renew.jitter = 0.05
	sasl.kerberos.ticket.renew.window.factor = 0.8
	sasl.login.callback.handler.class = null
	sasl.login.class = null
	sasl.login.connect.timeout.ms = null
	sasl.login.read.timeout.ms = null
	sasl.login.refresh.buffer.seconds = 300
	sasl.login.refresh.min.period.seconds = 60
	sasl.login.refresh.window.factor = 0.8
	sasl.login.refresh.window.jitter = 0.05
	sasl.login.retry.backoff.max.ms = 10000
	sasl.login.retry.backoff.ms = 100
	sasl.mechanism = GSSAPI
	sasl.oauthbearer.clock.skew.seconds = 30
	sasl.oauthbearer.expected.audience = null
	sasl.oauthbearer.expected.issuer = null
	sasl.oauthbearer.jwks.endpoint.refresh.ms = 3600000
	sasl.oauthbearer.jwks.endpoint.retry.backoff.max.ms = 10000
	sasl.oauthbearer.jwks.endpoint.retry.backoff.ms = 100
	sasl.oauthbearer.jwks.endpoint.url = null
	sasl.oauthbearer.scope.claim.name = scope
	sasl.oauthbearer.sub.claim.name = sub
	sasl.oauthbearer.token.endpoint.url = null
	security.protocol = PLAINTEXT
	security.providers = null
	send.buffer.bytes = 131072
	session.timeout.ms = 45000
	socket.connection.setup.timeout.max.ms = 30000
	socket.connection.setup.timeout.ms = 10000
	ssl.cipher.suites = null
	ssl.enabled.protocols = [TLSv1.2, TLSv1.3]
	ssl.endpoint.identification.algorithm = https
	ssl.engine.factory.class = null
	ssl.key.password = null
	ssl.keymanager.algorithm = SunX509
	ssl.keystore.certificate.chain = null
	ssl.keystore.key = null
	ssl.keystore.location = null
	ssl.keystore.password = null
	ssl.keystore.type = JKS
	ssl.protocol = TLSv1.3
	ssl.provider = null
	ssl.secure.random.implementation = null
	ssl.trustmanager.algorithm = PKIX
	ssl.truststore.certificates = null
	ssl.truststore.location = null
	ssl.truststore.password = null
	ssl.truststore.type = JKS
	value.deserializer = class org.apache.kafka.common.serialization.StringDeserializer
 
2025-04-28 16:21:48.480 [main] INFO  o.a.k.c.t.i.KafkaMetricsCollector -initializing Kafka metrics collector 
2025-04-28 16:21:48.505 [main] INFO  o.a.kafka.common.utils.AppInfoParser -Kafka version: 3.8.1 
2025-04-28 16:21:48.505 [main] INFO  o.a.kafka.common.utils.AppInfoParser -Kafka commitId: 70d6ff42debf7e17 
2025-04-28 16:21:48.506 [main] INFO  o.a.kafka.common.utils.AppInfoParser -Kafka startTimeMs: 1745875308505 
2025-04-28 16:21:48.507 [main] INFO  o.a.k.c.c.i.LegacyKafkaConsumer -[Consumer clientId=consumer-bootcoin-group-2, groupId=bootcoin-group] Subscribed to topic(s): user-by-wallet-request 
2025-04-28 16:21:48.517 [main] INFO  o.a.k.c.consumer.ConsumerConfig -ConsumerConfig values: 
	allow.auto.create.topics = true
	auto.commit.interval.ms = 5000
	auto.include.jmx.reporter = true
	auto.offset.reset = latest
	bootstrap.servers = [localhost:29092]
	check.crcs = true
	client.dns.lookup = use_all_dns_ips
	client.id = consumer-bootcoin-group-3
	client.rack = 
	connections.max.idle.ms = 540000
	default.api.timeout.ms = 60000
	enable.auto.commit = false
	enable.metrics.push = true
	exclude.internal.topics = true
	fetch.max.bytes = 52428800
	fetch.max.wait.ms = 500
	fetch.min.bytes = 1
	group.id = bootcoin-group
	group.instance.id = null
	group.protocol = classic
	group.remote.assignor = null
	heartbeat.interval.ms = 3000
	interceptor.classes = []
	internal.leave.group.on.close = true
	internal.throw.on.fetch.stable.offset.unsupported = false
	isolation.level = read_uncommitted
	key.deserializer = class org.apache.kafka.common.serialization.StringDeserializer
	max.partition.fetch.bytes = 1048576
	max.poll.interval.ms = 300000
	max.poll.records = 500
	metadata.max.age.ms = 300000
	metadata.recovery.strategy = none
	metric.reporters = []
	metrics.num.samples = 2
	metrics.recording.level = INFO
	metrics.sample.window.ms = 30000
	partition.assignment.strategy = [class org.apache.kafka.clients.consumer.RangeAssignor, class org.apache.kafka.clients.consumer.CooperativeStickyAssignor]
	receive.buffer.bytes = 65536
	reconnect.backoff.max.ms = 1000
	reconnect.backoff.ms = 50
	request.timeout.ms = 30000
	retry.backoff.max.ms = 1000
	retry.backoff.ms = 100
	sasl.client.callback.handler.class = null
	sasl.jaas.config = null
	sasl.kerberos.kinit.cmd = /usr/bin/kinit
	sasl.kerberos.min.time.before.relogin = 60000
	sasl.kerberos.service.name = null
	sasl.kerberos.ticket.renew.jitter = 0.05
	sasl.kerberos.ticket.renew.window.factor = 0.8
	sasl.login.callback.handler.class = null
	sasl.login.class = null
	sasl.login.connect.timeout.ms = null
	sasl.login.read.timeout.ms = null
	sasl.login.refresh.buffer.seconds = 300
	sasl.login.refresh.min.period.seconds = 60
	sasl.login.refresh.window.factor = 0.8
	sasl.login.refresh.window.jitter = 0.05
	sasl.login.retry.backoff.max.ms = 10000
	sasl.login.retry.backoff.ms = 100
	sasl.mechanism = GSSAPI
	sasl.oauthbearer.clock.skew.seconds = 30
	sasl.oauthbearer.expected.audience = null
	sasl.oauthbearer.expected.issuer = null
	sasl.oauthbearer.jwks.endpoint.refresh.ms = 3600000
	sasl.oauthbearer.jwks.endpoint.retry.backoff.max.ms = 10000
	sasl.oauthbearer.jwks.endpoint.retry.backoff.ms = 100
	sasl.oauthbearer.jwks.endpoint.url = null
	sasl.oauthbearer.scope.claim.name = scope
	sasl.oauthbearer.sub.claim.name = sub
	sasl.oauthbearer.token.endpoint.url = null
	security.protocol = PLAINTEXT
	security.providers = null
	send.buffer.bytes = 131072
	session.timeout.ms = 45000
	socket.connection.setup.timeout.max.ms = 30000
	socket.connection.setup.timeout.ms = 10000
	ssl.cipher.suites = null
	ssl.enabled.protocols = [TLSv1.2, TLSv1.3]
	ssl.endpoint.identification.algorithm = https
	ssl.engine.factory.class = null
	ssl.key.password = null
	ssl.keymanager.algorithm = SunX509
	ssl.keystore.certificate.chain = null
	ssl.keystore.key = null
	ssl.keystore.location = null
	ssl.keystore.password = null
	ssl.keystore.type = JKS
	ssl.protocol = TLSv1.3
	ssl.provider = null
	ssl.secure.random.implementation = null
	ssl.trustmanager.algorithm = PKIX
	ssl.truststore.certificates = null
	ssl.truststore.location = null
	ssl.truststore.password = null
	ssl.truststore.type = JKS
	value.deserializer = class org.apache.kafka.common.serialization.StringDeserializer
 
2025-04-28 16:21:48.519 [main] INFO  o.a.k.c.t.i.KafkaMetricsCollector -initializing Kafka metrics collector 
2025-04-28 16:21:48.555 [main] INFO  o.a.kafka.common.utils.AppInfoParser -Kafka version: 3.8.1 
2025-04-28 16:21:48.556 [main] INFO  o.a.kafka.common.utils.AppInfoParser -Kafka commitId: 70d6ff42debf7e17 
2025-04-28 16:21:48.556 [main] INFO  o.a.kafka.common.utils.AppInfoParser -Kafka startTimeMs: 1745875308555 
2025-04-28 16:21:48.557 [main] INFO  o.a.k.c.c.i.LegacyKafkaConsumer -[Consumer clientId=consumer-bootcoin-group-3, groupId=bootcoin-group] Subscribed to topic(s): user-create-request 
2025-04-28 16:21:48.603 [DiscoveryClient-InstanceInfoReplicator-%d] INFO  c.netflix.discovery.DiscoveryClient -DiscoveryClient_BOOTCOIN-USER-API/bootcoin-user-api:8817 - registration status: 204 
2025-04-28 16:21:48.612 [main] INFO  c.b.u.a.BootcoinUserApiApplicationTests -Started BootcoinUserApiApplicationTests in 15.174 seconds (process running for 18.668) 
2025-04-28 16:21:48.693 [org.springframework.kafka.KafkaListenerEndpointContainer#1-0-C-1] INFO  org.apache.kafka.clients.Metadata -[Consumer clientId=consumer-bootcoin-group-3, groupId=bootcoin-group] Cluster ID: pQNgvDGCTc6DWdlYtyeAyg 
2025-04-28 16:21:48.696 [org.springframework.kafka.KafkaListenerEndpointContainer#1-0-C-1] INFO  o.a.k.c.c.i.ConsumerCoordinator -[Consumer clientId=consumer-bootcoin-group-3, groupId=bootcoin-group] Discovered group coordinator localhost:29092 (id: 2147482646 rack: null) 
2025-04-28 16:21:48.700 [repliesContainer-0-C-1] WARN  o.apache.kafka.clients.NetworkClient -[Consumer clientId=consumer-bootcoin-group-1, groupId=bootcoin-group] Error while fetching metadata with correlation id 2 : {user-by-wallet-request=UNKNOWN_TOPIC_OR_PARTITION} 
2025-04-28 16:21:48.701 [repliesContainer-0-C-1] INFO  org.apache.kafka.clients.Metadata -[Consumer clientId=consumer-bootcoin-group-1, groupId=bootcoin-group] Cluster ID: pQNgvDGCTc6DWdlYtyeAyg 
2025-04-28 16:21:48.703 [repliesContainer-0-C-1] INFO  o.a.k.c.c.i.ConsumerCoordinator -[Consumer clientId=consumer-bootcoin-group-1, groupId=bootcoin-group] Discovered group coordinator localhost:29092 (id: 2147482646 rack: null) 
2025-04-28 16:21:48.705 [org.springframework.kafka.KafkaListenerEndpointContainer#1-0-C-1] INFO  o.a.k.c.c.i.ConsumerCoordinator -[Consumer clientId=consumer-bootcoin-group-3, groupId=bootcoin-group] (Re-)joining group 
2025-04-28 16:21:48.705 [repliesContainer-0-C-1] INFO  o.a.k.c.c.i.ConsumerCoordinator -[Consumer clientId=consumer-bootcoin-group-1, groupId=bootcoin-group] (Re-)joining group 
2025-04-28 16:21:48.715 [org.springframework.kafka.KafkaListenerEndpointContainer#0-0-C-1] WARN  o.apache.kafka.clients.NetworkClient -[Consumer clientId=consumer-bootcoin-group-2, groupId=bootcoin-group] Error while fetching metadata with correlation id 2 : {user-by-wallet-request=LEADER_NOT_AVAILABLE} 
2025-04-28 16:21:48.716 [org.springframework.kafka.KafkaListenerEndpointContainer#0-0-C-1] INFO  org.apache.kafka.clients.Metadata -[Consumer clientId=consumer-bootcoin-group-2, groupId=bootcoin-group] Cluster ID: pQNgvDGCTc6DWdlYtyeAyg 
2025-04-28 16:21:48.718 [org.springframework.kafka.KafkaListenerEndpointContainer#0-0-C-1] INFO  o.a.k.c.c.i.ConsumerCoordinator -[Consumer clientId=consumer-bootcoin-group-2, groupId=bootcoin-group] Discovered group coordinator localhost:29092 (id: 2147482646 rack: null) 
2025-04-28 16:21:48.721 [org.springframework.kafka.KafkaListenerEndpointContainer#0-0-C-1] INFO  o.a.k.c.c.i.ConsumerCoordinator -[Consumer clientId=consumer-bootcoin-group-2, groupId=bootcoin-group] (Re-)joining group 
2025-04-28 16:21:48.752 [org.springframework.kafka.KafkaListenerEndpointContainer#0-0-C-1] INFO  o.a.k.c.c.i.ConsumerCoordinator -[Consumer clientId=consumer-bootcoin-group-2, groupId=bootcoin-group] Request joining group due to: need to re-join with the given member-id: consumer-bootcoin-group-2-eb7b4612-7f49-4a54-bf8a-ea5f79a6379e 
2025-04-28 16:21:48.753 [org.springframework.kafka.KafkaListenerEndpointContainer#0-0-C-1] INFO  o.a.k.c.c.i.ConsumerCoordinator -[Consumer clientId=consumer-bootcoin-group-2, groupId=bootcoin-group] (Re-)joining group 
2025-04-28 16:21:48.770 [repliesContainer-0-C-1] INFO  o.a.k.c.c.i.ConsumerCoordinator -[Consumer clientId=consumer-bootcoin-group-1, groupId=bootcoin-group] Request joining group due to: need to re-join with the given member-id: consumer-bootcoin-group-1-64f4d2d0-c904-43c5-900b-7069d6c00197 
2025-04-28 16:21:48.770 [org.springframework.kafka.KafkaListenerEndpointContainer#1-0-C-1] INFO  o.a.k.c.c.i.ConsumerCoordinator -[Consumer clientId=consumer-bootcoin-group-3, groupId=bootcoin-group] Request joining group due to: need to re-join with the given member-id: consumer-bootcoin-group-3-7023d326-c470-4e26-ad49-bef1e77cc88b 
2025-04-28 16:21:48.771 [repliesContainer-0-C-1] INFO  o.a.k.c.c.i.ConsumerCoordinator -[Consumer clientId=consumer-bootcoin-group-1, groupId=bootcoin-group] (Re-)joining group 
2025-04-28 16:21:48.772 [org.springframework.kafka.KafkaListenerEndpointContainer#1-0-C-1] INFO  o.a.k.c.c.i.ConsumerCoordinator -[Consumer clientId=consumer-bootcoin-group-3, groupId=bootcoin-group] (Re-)joining group 
2025-04-28 16:21:48.885 [repliesContainer-0-C-1] WARN  o.apache.kafka.clients.NetworkClient -[Consumer clientId=consumer-bootcoin-group-1, groupId=bootcoin-group] Error while fetching metadata with correlation id 8 : {user-by-wallet-request=UNKNOWN_TOPIC_OR_PARTITION} 
2025-04-28 16:21:48.885 [org.springframework.kafka.KafkaListenerEndpointContainer#0-0-C-1] WARN  o.apache.kafka.clients.NetworkClient -[Consumer clientId=consumer-bootcoin-group-2, groupId=bootcoin-group] Error while fetching metadata with correlation id 8 : {user-by-wallet-request=LEADER_NOT_AVAILABLE} 
]]></system-out>
  </testcase>
</testsuite>